<?xml version="1.0" encoding="UTF-8"?>
<testsuite xmlns:xsi="http://www.w3.org/2001/XMLSchema-instance" xsi:noNamespaceSchemaLocation="https://maven.apache.org/surefire/maven-surefire-plugin/xsd/surefire-test-report-3.0.xsd" version="3.0" name="testing.TestSqlA" time="0.024" tests="0" errors="0" skipped="0" failures="0">
  <properties>
    <property name="java.specification.version" value="19"/>
    <property name="sun.cpu.isalist" value="amd64"/>
    <property name="sun.jnu.encoding" value="Cp1252"/>
    <property name="java.class.path" value="C:\Users\khang\Desktop\finale\TextMindMaven\TextMindMaven\target\test-classes;C:\Users\khang\Desktop\finale\TextMindMaven\TextMindMaven\target\classes;C:\Users\khang\.m2\repository\io\socket\socket.io-client\2.1.0\socket.io-client-2.1.0.jar;C:\Users\khang\.m2\repository\io\socket\engine.io-client\2.1.0\engine.io-client-2.1.0.jar;C:\Users\khang\.m2\repository\com\squareup\okhttp3\okhttp\3.12.12\okhttp-3.12.12.jar;C:\Users\khang\.m2\repository\com\squareup\okio\okio\1.15.0\okio-1.15.0.jar;C:\Users\khang\.m2\repository\org\json\json\20090211\json-20090211.jar;C:\Users\khang\.m2\repository\com\miglayout\miglayout-swing\11.1\miglayout-swing-11.1.jar;C:\Users\khang\.m2\repository\com\miglayout\miglayout-core\11.1\miglayout-core-11.1.jar;C:\Users\khang\.m2\repository\com\formdev\flatlaf-intellij-themes\1.2\flatlaf-intellij-themes-1.2.jar;C:\Users\khang\.m2\repository\com\formdev\flatlaf\1.2\flatlaf-1.2.jar;C:\Users\khang\.m2\repository\commons-validator\commons-validator\1.7\commons-validator-1.7.jar;C:\Users\khang\.m2\repository\commons-beanutils\commons-beanutils\1.9.4\commons-beanutils-1.9.4.jar;C:\Users\khang\.m2\repository\commons-digester\commons-digester\2.1\commons-digester-2.1.jar;C:\Users\khang\.m2\repository\commons-logging\commons-logging\1.2\commons-logging-1.2.jar;C:\Users\khang\.m2\repository\commons-collections\commons-collections\3.2.2\commons-collections-3.2.2.jar;C:\Users\khang\.m2\repository\org\apache\commons\commons-lang3\3.12.0\commons-lang3-3.12.0.jar;C:\Users\khang\.m2\repository\com\microsoft\sqlserver\mssql-jdbc\9.1.0.jre15-preview\mssql-jdbc-9.1.0.jre15-preview.jar;"/>
    <property name="java.vm.vendor" value="Oracle Corporation"/>
    <property name="sun.arch.data.model" value="64"/>
    <property name="user.variant" value=""/>
    <property name="java.vendor.url" value="https://java.oracle.com/"/>
    <property name="user.timezone" value="Asia/Bangkok"/>
    <property name="os.name" value="Windows 10"/>
    <property name="java.vm.specification.version" value="19"/>
    <property name="user.country" value="US"/>
    <property name="sun.java.launcher" value="SUN_STANDARD"/>
    <property name="sun.boot.library.path" value="C:\Program Files\Java\jdk-19\bin"/>
    <property name="sun.java.command" value="C:\Users\khang\AppData\Local\Temp\surefire14115102835309369235\surefirebooter-20230818174441513_3.jar C:\Users\khang\AppData\Local\Temp\surefire14115102835309369235 2023-08-18T17-44-41_283-jvmRun1 surefire-20230818174441513_1tmp surefire_0-20230818174441513_2tmp"/>
    <property name="jdk.debug" value="release"/>
    <property name="surefire.test.class.path" value="C:\Users\khang\Desktop\finale\TextMindMaven\TextMindMaven\target\test-classes;C:\Users\khang\Desktop\finale\TextMindMaven\TextMindMaven\target\classes;C:\Users\khang\.m2\repository\io\socket\socket.io-client\2.1.0\socket.io-client-2.1.0.jar;C:\Users\khang\.m2\repository\io\socket\engine.io-client\2.1.0\engine.io-client-2.1.0.jar;C:\Users\khang\.m2\repository\com\squareup\okhttp3\okhttp\3.12.12\okhttp-3.12.12.jar;C:\Users\khang\.m2\repository\com\squareup\okio\okio\1.15.0\okio-1.15.0.jar;C:\Users\khang\.m2\repository\org\json\json\20090211\json-20090211.jar;C:\Users\khang\.m2\repository\com\miglayout\miglayout-swing\11.1\miglayout-swing-11.1.jar;C:\Users\khang\.m2\repository\com\miglayout\miglayout-core\11.1\miglayout-core-11.1.jar;C:\Users\khang\.m2\repository\com\formdev\flatlaf-intellij-themes\1.2\flatlaf-intellij-themes-1.2.jar;C:\Users\khang\.m2\repository\com\formdev\flatlaf\1.2\flatlaf-1.2.jar;C:\Users\khang\.m2\repository\commons-validator\commons-validator\1.7\commons-validator-1.7.jar;C:\Users\khang\.m2\repository\commons-beanutils\commons-beanutils\1.9.4\commons-beanutils-1.9.4.jar;C:\Users\khang\.m2\repository\commons-digester\commons-digester\2.1\commons-digester-2.1.jar;C:\Users\khang\.m2\repository\commons-logging\commons-logging\1.2\commons-logging-1.2.jar;C:\Users\khang\.m2\repository\commons-collections\commons-collections\3.2.2\commons-collections-3.2.2.jar;C:\Users\khang\.m2\repository\org\apache\commons\commons-lang3\3.12.0\commons-lang3-3.12.0.jar;C:\Users\khang\.m2\repository\com\microsoft\sqlserver\mssql-jdbc\9.1.0.jre15-preview\mssql-jdbc-9.1.0.jre15-preview.jar;"/>
    <property name="sun.cpu.endian" value="little"/>
    <property name="user.home" value="C:\Users\khang"/>
    <property name="user.language" value="en"/>
    <property name="java.specification.vendor" value="Oracle Corporation"/>
    <property name="java.version.date" value="2023-01-17"/>
    <property name="java.home" value="C:\Program Files\Java\jdk-19"/>
    <property name="file.separator" value="\"/>
    <property name="basedir" value="C:\Users\khang\Desktop\finale\TextMindMaven\TextMindMaven"/>
    <property name="java.vm.compressedOopsMode" value="32-bit"/>
    <property name="line.separator" value="&#10;"/>
    <property name="java.vm.specification.vendor" value="Oracle Corporation"/>
    <property name="java.specification.name" value="Java Platform API Specification"/>
    <property name="surefire.real.class.path" value="C:\Users\khang\AppData\Local\Temp\surefire14115102835309369235\surefirebooter-20230818174441513_3.jar"/>
    <property name="user.script" value=""/>
    <property name="sun.management.compiler" value="HotSpot 64-Bit Tiered Compilers"/>
    <property name="java.runtime.version" value="19.0.2+7-44"/>
    <property name="user.name" value="khang"/>
    <property name="stdout.encoding" value="Cp1252"/>
    <property name="path.separator" value=";"/>
    <property name="os.version" value="10.0"/>
    <property name="java.runtime.name" value="Java(TM) SE Runtime Environment"/>
    <property name="file.encoding" value="UTF-8"/>
    <property name="java.vm.name" value="Java HotSpot(TM) 64-Bit Server VM"/>
    <property name="maven.ext.class.path" value="C:\Program Files\NetBeans-18\netbeans\java\maven-nblib\netbeans-eventspy.jar"/>
    <property name="localRepository" value="C:\Users\khang\.m2\repository"/>
    <property name="java.vendor.url.bug" value="https://bugreport.java.com/bugreport/"/>
    <property name="java.io.tmpdir" value="C:\Users\khang\AppData\Local\Temp\"/>
    <property name="java.version" value="19.0.2"/>
    <property name="user.dir" value="C:\Users\khang\Desktop\finale\TextMindMaven\TextMindMaven"/>
    <property name="os.arch" value="amd64"/>
    <property name="java.vm.specification.name" value="Java Virtual Machine Specification"/>
    <property name="sun.os.patch.level" value=""/>
    <property name="native.encoding" value="Cp1252"/>
    <property name="java.library.path" value="C:\Program Files\Java\jdk-19\bin;C:\Windows\Sun\Java\bin;C:\Windows\system32;C:\Windows;C:\Program Files\Common Files\Oracle\Java\javapath;C:\Windows\system32;C:\Windows;C:\Windows\System32\Wbem;C:\Windows\System32\WindowsPowerShell\v1.0\;C:\Windows\System32\OpenSSH\;C:\Program Files\Git\cmd;C:\Users\khang\AppData\Local\Microsoft\WindowsApps;;."/>
    <property name="java.vm.info" value="mixed mode, sharing"/>
    <property name="stderr.encoding" value="Cp1252"/>
    <property name="java.vendor" value="Oracle Corporation"/>
    <property name="java.vm.version" value="19.0.2+7-44"/>
    <property name="sun.io.unicode.encoding" value="UnicodeLittle"/>
    <property name="java.class.version" value="63.0"/>
  </properties>
</testsuite>