<?xml version="1.0" encoding="UTF-8"?>
<!-- Generated by org.testng.reporters.JUnitReportReporter -->
<testsuite hostname="DucAnh" failures="0" tests="1" name="testing.WebTest" time="41.462" errors="0" timestamp="2023-12-08T09:56:01 ICT" skipped="0">
  <testcase classname="testing.WebTest" name="LoginTest" time="41.462"/>
  <system-out/>
</testsuite> <!-- testing.WebTest -->
