<?xml version="1.0" encoding="UTF-8"?>
<!-- Generated by org.testng.reporters.JUnitReportReporter -->
<testsuite hostname="DucAnh" failures="0" tests="1" name="testing.DeleteFriendTest" time="43.109" errors="0" timestamp="2023-12-07T11:52:54 ICT" skipped="0">
  <testcase classname="testing.DeleteFriendTest" name="TC_MODULE_DELETE_FRIEND_02" time="43.109"/>
</testsuite> <!-- testing.DeleteFriendTest -->
