<?xml version="1.0" encoding="UTF-8"?>
<!-- Generated by org.testng.reporters.JUnitReportReporter -->
<testsuite hostname="Hoan" failures="0" tests="1" name="testing.P_LoginTest" time="0.298" errors="0" timestamp="2023-12-06T21:27:01 ICT" skipped="0">
  <testcase classname="testing.P_LoginTest" name="TC_MODULE_LOGIN_03" time="0.298"/>
</testsuite> <!-- testing.P_LoginTest -->
