<?xml version="1.0" encoding="UTF-8"?>
<!-- Generated by org.testng.reporters.JUnitReportReporter -->
<testsuite hostname="DucAnh" failures="0" tests="5" name="testing.AcceptTheFriendRequestTest" time="46.280" errors="0" timestamp="2023-12-07T11:39:32 ICT" skipped="0">
  <testcase classname="testing.AcceptTheFriendRequestTest" name="TC_MODULE_ACCEPT_THE_FRIEND_REQUEST_02" time="9.400"/>
  <testcase classname="testing.AcceptTheFriendRequestTest" name="TC_MODULE_ACCEPT_THE_FRIEND_REQUEST_04" time="9.535"/>
  <testcase classname="testing.AcceptTheFriendRequestTest" name="TC_MODULE_FIND_FRIEND_01" time="8.123"/>
  <testcase classname="testing.AcceptTheFriendRequestTest" name="TC_MODULE_ACCEPT_THE_FRIEND_REQUEST_03" time="9.587"/>
  <testcase classname="testing.AcceptTheFriendRequestTest" name="TC_MODULE_ACCEPT_THE_FRIEND_REQUEST_05" time="9.635"/>
</testsuite> <!-- testing.AcceptTheFriendRequestTest -->
