<?xml version="1.0" encoding="UTF-8"?>
<!-- Generated by org.testng.reporters.JUnitReportReporter -->
<testsuite hostname="DucAnh" failures="0" tests="2" name="testing.P_RegisterTest" time="10.413" errors="0" timestamp="2023-12-06T10:12:29 ICT" skipped="0">
  <testcase classname="testing.P_RegisterTest" name="TC_QLKH_REGISTER_04" time="5.201"/>
  <testcase classname="testing.P_RegisterTest" name="test1" time="5.212"/>
</testsuite> <!-- testing.P_RegisterTest -->
