<?xml version="1.0" encoding="UTF-8"?>
<!-- Generated by org.testng.reporters.JUnitReportReporter -->
<testsuite hostname="DucAnh" failures="0" tests="1" name="testing.AcceptTheFriendRequestTest" time="8.977" errors="0" timestamp="2023-12-07T09:06:26 ICT" skipped="0">
  <testcase classname="testing.AcceptTheFriendRequestTest" name="TC_MODULE_ACCEPT_THE_FRIEND_REQUEST_02" time="8.977"/>
</testsuite> <!-- testing.AcceptTheFriendRequestTest -->
