<?xml version="1.0" encoding="UTF-8"?>
<!-- Generated by org.testng.reporters.JUnitReportReporter -->
<testsuite hostname="DucAnh" failures="0" tests="3" name="testing.P_LoginTest" time="30.216" errors="0" timestamp="2023-12-01T10:14:14 ICT" skipped="0">
  <testcase classname="testing.P_LoginTest" name="test2" time="10.038"/>
  <testcase classname="testing.P_LoginTest" name="test3" time="10.018"/>
  <testcase classname="testing.P_LoginTest" name="test1" time="10.160"/>
</testsuite> <!-- testing.P_LoginTest -->
