<?xml version="1.0" encoding="UTF-8"?>
<!-- Generated by org.testng.reporters.JUnitReportReporter -->
<testsuite hostname="DucAnh" failures="0" tests="3" name="testing.FindFriendTest" time="28.268" errors="0" timestamp="2023-12-07T06:14:48 ICT" skipped="0">
  <testcase classname="testing.FindFriendTest" name="TC_MODULE_FIND_FRIEND_09" time="9.207"/>
  <testcase classname="testing.FindFriendTest" name="TC_MODULE_FIND_FRIEND_07" time="9.844"/>
  <testcase classname="testing.FindFriendTest" name="TC_MODULE_FIND_FRIEND_08" time="9.217"/>
</testsuite> <!-- testing.FindFriendTest -->
