<?xml version="1.0" encoding="UTF-8"?>
<!-- Generated by org.testng.reporters.JUnitReportReporter -->
<testsuite hostname="Hoan" failures="0" tests="9" name="testing.P_LoginTest" time="81.686" errors="0" timestamp="2023-12-12T16:18:23 ICT" skipped="0">
  <testcase classname="testing.P_LoginTest" name="TC_MODULE_LOGIN_05" time="10.108"/>
  <system-out/>
  <testcase classname="testing.P_LoginTest" name="TC_MODULE_LOGIN_14" time="10.058"/>
  <system-out/>
  <testcase classname="testing.P_LoginTest" name="TC_MODULE_LOGIN_13" time="10.064"/>
  <system-out/>
  <testcase classname="testing.P_LoginTest" name="TC_MODULE_LOGIN_04" time="10.111"/>
  <system-out/>
  <testcase classname="testing.P_LoginTest" name="TC_MODULE_LOGIN_06" time="10.042"/>
  <system-out/>
  <testcase classname="testing.P_LoginTest" name="TC_MODULE_LOGIN_07" time="10.062"/>
  <system-out/>
  <testcase classname="testing.P_LoginTest" name="TC_MODULE_LOGIN_11" time="10.063"/>
  <system-out/>
  <testcase classname="testing.P_LoginTest" name="TC_MODULE_LOGIN_12" time="10.044"/>
  <system-out/>
  <testcase classname="testing.P_LoginTest" name="TC_MODULE_LOGIN_02" time="1.134"/>
  <system-out/>
</testsuite> <!-- testing.P_LoginTest -->
