<?xml version="1.0" encoding="UTF-8"?>
<!-- Generated by org.testng.reporters.JUnitReportReporter -->
<testsuite hostname="Hoan" failures="0" tests="3" name="testing.P_LoginTest" time="15.352" errors="0" timestamp="2023-12-01T09:28:50 ICT" skipped="0">
  <testcase classname="testing.P_LoginTest" name="test1" time="5.201"/>
  <testcase classname="testing.P_LoginTest" name="test2" time="5.082"/>
  <testcase classname="testing.P_LoginTest" name="test3" time="5.069"/>
</testsuite> <!-- testing.P_LoginTest -->
