<?xml version="1.0" encoding="UTF-8"?>
<!-- Generated by org.testng.reporters.JUnitReportReporter -->
<testsuite hostname="Hoan" failures="0" tests="5" name="testing.LoginAdminTest" time="58.058" errors="0" timestamp="2023-12-12T17:36:40 ICT" skipped="0">
  <testcase classname="testing.LoginAdminTest" name="TC_SignIn_Admin_01" time="5.574"/>
  <system-out/>
  <testcase classname="testing.LoginAdminTest" name="TC_getReport_Admin_01" time="7.068"/>
  <system-out/>
  <testcase classname="testing.LoginAdminTest" name="TC_unban_Admin_01" time="20.641"/>
  <system-out/>
  <testcase classname="testing.LoginAdminTest" name="TC_unban_Admin_02" time="12.413"/>
  <system-out/>
  <testcase classname="testing.LoginAdminTest" name="TC_unban_Admin_05" time="12.362"/>
  <system-out/>
</testsuite> <!-- testing.LoginAdminTest -->
